{"C:\\Users\\HP\\Desktop\\LambdaSchool\\HackathonPortal\\hackton-backend\\knexfile.js": {"path":"C:\\Users\\HP\\Desktop\\LambdaSchool\\HackathonPortal\\hackton-backend\\knexfile.js","statementMap":{"0":{"start":{"line":1,"column":0},"end":{"line":1,"column":27}},"1":{"start":{"line":3,"column":0},"end":{"line":54,"column":2}}},"fnMap":{},"branchMap":{},"s":{"0":2,"1":2},"f":{},"b":{},"_coverageSchema":"43e27e138ebf9cfc5966b082cf9a028302ed4184","hash":"f1faeba1ffff213a96d90118a648ee0963b5fd0a"}
,"C:\\Users\\HP\\Desktop\\LambdaSchool\\HackathonPortal\\hackton-backend\\api\\server.js": {"path":"C:\\Users\\HP\\Desktop\\LambdaSchool\\HackathonPortal\\hackton-backend\\api\\server.js","statementMap":{"0":{"start":{"line":1,"column":16},"end":{"line":1,"column":34}},"1":{"start":{"line":2,"column":15},"end":{"line":2,"column":32}},"2":{"start":{"line":3,"column":13},"end":{"line":3,"column":28}},"3":{"start":{"line":4,"column":15},"end":{"line":4,"column":32}},"4":{"start":{"line":5,"column":0},"end":{"line":5,"column":16}},"5":{"start":{"line":6,"column":19},"end":{"line":6,"column":52}},"6":{"start":{"line":8,"column":15},"end":{"line":8,"column":24}},"7":{"start":{"line":10,"column":0},"end":{"line":10,"column":21}},"8":{"start":{"line":11,"column":0},"end":{"line":11,"column":27}},"9":{"start":{"line":12,"column":0},"end":{"line":12,"column":19}},"10":{"start":{"line":14,"column":0},"end":{"line":14,"column":36}},"11":{"start":{"line":16,"column":0},"end":{"line":21,"column":3}},"12":{"start":{"line":17,"column":2},"end":{"line":20,"column":5}},"13":{"start":{"line":23,"column":0},"end":{"line":28,"column":3}},"14":{"start":{"line":24,"column":2},"end":{"line":27,"column":5}},"15":{"start":{"line":30,"column":0},"end":{"line":30,"column":24}}},"fnMap":{"0":{"name":"(anonymous_0)","decl":{"start":{"line":16,"column":16},"end":{"line":16,"column":17}},"loc":{"start":{"line":16,"column":30},"end":{"line":21,"column":1}},"line":16},"1":{"name":"(anonymous_1)","decl":{"start":{"line":23,"column":16},"end":{"line":23,"column":17}},"loc":{"start":{"line":23,"column":30},"end":{"line":28,"column":1}},"line":23}},"branchMap":{},"s":{"0":2,"1":2,"2":2,"3":2,"4":2,"5":2,"6":2,"7":2,"8":2,"9":2,"10":2,"11":2,"12":1,"13":2,"14":1,"15":2},"f":{"0":1,"1":1},"b":{},"_coverageSchema":"43e27e138ebf9cfc5966b082cf9a028302ed4184","hash":"7b495059208e484d821e487e9908277ddd7ebd17"}
,"C:\\Users\\HP\\Desktop\\LambdaSchool\\HackathonPortal\\hackton-backend\\api\\auth\\authModel.js": {"path":"C:\\Users\\HP\\Desktop\\LambdaSchool\\HackathonPortal\\hackton-backend\\api\\auth\\authModel.js","statementMap":{"0":{"start":{"line":1,"column":11},"end":{"line":1,"column":41}},"1":{"start":{"line":4,"column":4},"end":{"line":7,"column":12}},"2":{"start":{"line":11,"column":4},"end":{"line":13,"column":39}},"3":{"start":{"line":13,"column":20},"end":{"line":13,"column":38}},"4":{"start":{"line":17,"column":4},"end":{"line":19,"column":12}},"5":{"start":{"line":22,"column":0},"end":{"line":26,"column":1}}},"fnMap":{"0":{"name":"getUserId","decl":{"start":{"line":3,"column":9},"end":{"line":3,"column":18}},"loc":{"start":{"line":3,"column":23},"end":{"line":8,"column":1}},"line":3},"1":{"name":"addUser","decl":{"start":{"line":10,"column":9},"end":{"line":10,"column":16}},"loc":{"start":{"line":10,"column":23},"end":{"line":14,"column":1}},"line":10},"2":{"name":"(anonymous_2)","decl":{"start":{"line":13,"column":10},"end":{"line":13,"column":11}},"loc":{"start":{"line":13,"column":20},"end":{"line":13,"column":38}},"line":13},"3":{"name":"getUserBy","decl":{"start":{"line":16,"column":9},"end":{"line":16,"column":18}},"loc":{"start":{"line":16,"column":30},"end":{"line":20,"column":1}},"line":16}},"branchMap":{},"s":{"0":2,"1":2,"2":2,"3":2,"4":0,"5":2},"f":{"0":2,"1":2,"2":2,"3":0},"b":{},"_coverageSchema":"43e27e138ebf9cfc5966b082cf9a028302ed4184","hash":"d190fbfead306906d9c5fe7ffc534431cfe29dd7"}
,"C:\\Users\\HP\\Desktop\\LambdaSchool\\HackathonPortal\\hackton-backend\\api\\auth\\authRouter.js": {"path":"C:\\Users\\HP\\Desktop\\LambdaSchool\\HackathonPortal\\hackton-backend\\api\\auth\\authRouter.js","statementMap":{"0":{"start":{"line":1,"column":16},"end":{"line":1,"column":34}},"1":{"start":{"line":2,"column":15},"end":{"line":2,"column":32}},"2":{"start":{"line":3,"column":11},"end":{"line":3,"column":33}},"3":{"start":{"line":4,"column":22},"end":{"line":4,"column":58}},"4":{"start":{"line":5,"column":15},"end":{"line":5,"column":31}},"5":{"start":{"line":7,"column":22},"end":{"line":7,"column":54}},"6":{"start":{"line":9,"column":0},"end":{"line":27,"column":2}},"7":{"start":{"line":10,"column":15},"end":{"line":10,"column":23}},"8":{"start":{"line":11,"column":17},"end":{"line":11,"column":51}},"9":{"start":{"line":12,"column":4},"end":{"line":12,"column":25}},"10":{"start":{"line":14,"column":4},"end":{"line":26,"column":6}},"11":{"start":{"line":16,"column":22},"end":{"line":16,"column":41}},"12":{"start":{"line":17,"column":8},"end":{"line":20,"column":10}},"13":{"start":{"line":23,"column":8},"end":{"line":25,"column":10}},"14":{"start":{"line":29,"column":0},"end":{"line":50,"column":2}},"15":{"start":{"line":30,"column":28},"end":{"line":30,"column":36}},"16":{"start":{"line":32,"column":4},"end":{"line":49,"column":6}},"17":{"start":{"line":34,"column":8},"end":{"line":43,"column":9}},"18":{"start":{"line":35,"column":26},"end":{"line":35,"column":45}},"19":{"start":{"line":36,"column":12},"end":{"line":38,"column":14}},"20":{"start":{"line":40,"column":12},"end":{"line":42,"column":14}},"21":{"start":{"line":46,"column":8},"end":{"line":48,"column":10}},"22":{"start":{"line":52,"column":0},"end":{"line":52,"column":24}}},"fnMap":{"0":{"name":"(anonymous_0)","decl":{"start":{"line":9,"column":40},"end":{"line":9,"column":41}},"loc":{"start":{"line":9,"column":54},"end":{"line":27,"column":1}},"line":9},"1":{"name":"(anonymous_1)","decl":{"start":{"line":15,"column":10},"end":{"line":15,"column":11}},"loc":{"start":{"line":15,"column":18},"end":{"line":21,"column":5}},"line":15},"2":{"name":"(anonymous_2)","decl":{"start":{"line":22,"column":11},"end":{"line":22,"column":12}},"loc":{"start":{"line":22,"column":20},"end":{"line":26,"column":5}},"line":22},"3":{"name":"(anonymous_3)","decl":{"start":{"line":29,"column":37},"end":{"line":29,"column":38}},"loc":{"start":{"line":29,"column":51},"end":{"line":50,"column":1}},"line":29},"4":{"name":"(anonymous_4)","decl":{"start":{"line":33,"column":11},"end":{"line":33,"column":12}},"loc":{"start":{"line":33,"column":19},"end":{"line":44,"column":5}},"line":33},"5":{"name":"(anonymous_5)","decl":{"start":{"line":45,"column":11},"end":{"line":45,"column":12}},"loc":{"start":{"line":45,"column":20},"end":{"line":49,"column":5}},"line":45}},"branchMap":{"0":{"loc":{"start":{"line":34,"column":8},"end":{"line":43,"column":9}},"type":"if","locations":[{"start":{"line":34,"column":8},"end":{"line":43,"column":9}},{"start":{"line":34,"column":8},"end":{"line":43,"column":9}}],"line":34},"1":{"loc":{"start":{"line":34,"column":11},"end":{"line":34,"column":62}},"type":"binary-expr","locations":[{"start":{"line":34,"column":11},"end":{"line":34,"column":15}},{"start":{"line":34,"column":19},"end":{"line":34,"column":62}}],"line":34}},"s":{"0":2,"1":2,"2":2,"3":2,"4":2,"5":2,"6":2,"7":2,"8":2,"9":2,"10":2,"11":2,"12":2,"13":0,"14":2,"15":0,"16":0,"17":0,"18":0,"19":0,"20":0,"21":0,"22":2},"f":{"0":2,"1":2,"2":0,"3":0,"4":0,"5":0},"b":{"0":[0,0],"1":[0,0]},"_coverageSchema":"43e27e138ebf9cfc5966b082cf9a028302ed4184","hash":"8447303820cc8bfd838f47ff2af7ec6fd80b0e47"}
,"C:\\Users\\HP\\Desktop\\LambdaSchool\\HackathonPortal\\hackton-backend\\data\\dbConfig.js": {"path":"C:\\Users\\HP\\Desktop\\LambdaSchool\\HackathonPortal\\hackton-backend\\data\\dbConfig.js","statementMap":{"0":{"start":{"line":1,"column":13},"end":{"line":1,"column":28}},"1":{"start":{"line":2,"column":20},"end":{"line":2,"column":45}},"2":{"start":{"line":4,"column":15},"end":{"line":4,"column":37}},"3":{"start":{"line":6,"column":0},"end":{"line":6,"column":43}}},"fnMap":{},"branchMap":{},"s":{"0":2,"1":2,"2":2,"3":2},"f":{},"b":{},"_coverageSchema":"43e27e138ebf9cfc5966b082cf9a028302ed4184","hash":"31433ae536d58218cbd641c45c400820faba99c9"}
,"C:\\Users\\HP\\Desktop\\LambdaSchool\\HackathonPortal\\hackton-backend\\environment\\index.js": {"path":"C:\\Users\\HP\\Desktop\\LambdaSchool\\HackathonPortal\\hackton-backend\\environment\\index.js","statementMap":{"0":{"start":{"line":1,"column":20},"end":{"line":1,"column":55}},"1":{"start":{"line":2,"column":0},"end":{"line":2,"column":29}}},"fnMap":{},"branchMap":{"0":{"loc":{"start":{"line":1,"column":20},"end":{"line":1,"column":55}},"type":"binary-expr","locations":[{"start":{"line":1,"column":20},"end":{"line":1,"column":38}},{"start":{"line":1,"column":42},"end":{"line":1,"column":55}}],"line":1}},"s":{"0":2,"1":2},"f":{},"b":{"0":[2,0]},"_coverageSchema":"43e27e138ebf9cfc5966b082cf9a028302ed4184","hash":"a1e2ac35dc04b60364daa86003fe2a52970a2d10"}
,"C:\\Users\\HP\\Desktop\\LambdaSchool\\HackathonPortal\\hackton-backend\\utils\\generateToken.js": {"path":"C:\\Users\\HP\\Desktop\\LambdaSchool\\HackathonPortal\\hackton-backend\\utils\\generateToken.js","statementMap":{"0":{"start":{"line":1,"column":12},"end":{"line":1,"column":35}},"1":{"start":{"line":4,"column":20},"end":{"line":7,"column":5}},"2":{"start":{"line":8,"column":20},"end":{"line":10,"column":5}},"3":{"start":{"line":11,"column":19},"end":{"line":15,"column":5}},"4":{"start":{"line":16,"column":4},"end":{"line":16,"column":18}},"5":{"start":{"line":19,"column":0},"end":{"line":19,"column":31}}},"fnMap":{"0":{"name":"generateToken","decl":{"start":{"line":3,"column":9},"end":{"line":3,"column":22}},"loc":{"start":{"line":3,"column":30},"end":{"line":17,"column":1}},"line":3}},"branchMap":{"0":{"loc":{"start":{"line":13,"column":8},"end":{"line":13,"column":44}},"type":"binary-expr","locations":[{"start":{"line":13,"column":8},"end":{"line":13,"column":26}},{"start":{"line":13,"column":30},"end":{"line":13,"column":44}}],"line":13}},"s":{"0":2,"1":2,"2":2,"3":2,"4":2,"5":2},"f":{"0":2},"b":{"0":[2,0]},"_coverageSchema":"43e27e138ebf9cfc5966b082cf9a028302ed4184","hash":"58295516335e6d9e2705b391d9c9d6cac92fe222"}
,"C:\\Users\\HP\\Desktop\\LambdaSchool\\HackathonPortal\\hackton-backend\\utils\\validator.js": {"path":"C:\\Users\\HP\\Desktop\\LambdaSchool\\HackathonPortal\\hackton-backend\\utils\\validator.js","statementMap":{"0":{"start":{"line":2,"column":4},"end":{"line":14,"column":5}},"1":{"start":{"line":3,"column":8},"end":{"line":9,"column":9}},"2":{"start":{"line":4,"column":12},"end":{"line":4,"column":18}},"3":{"start":{"line":6,"column":12},"end":{"line":8,"column":14}},"4":{"start":{"line":11,"column":8},"end":{"line":13,"column":10}},"5":{"start":{"line":17,"column":0},"end":{"line":17,"column":31}}},"fnMap":{"0":{"name":"bodyValidator","decl":{"start":{"line":1,"column":9},"end":{"line":1,"column":22}},"loc":{"start":{"line":1,"column":40},"end":{"line":15,"column":1}},"line":1}},"branchMap":{"0":{"loc":{"start":{"line":2,"column":4},"end":{"line":14,"column":5}},"type":"if","locations":[{"start":{"line":2,"column":4},"end":{"line":14,"column":5}},{"start":{"line":2,"column":4},"end":{"line":14,"column":5}}],"line":2},"1":{"loc":{"start":{"line":3,"column":8},"end":{"line":9,"column":9}},"type":"if","locations":[{"start":{"line":3,"column":8},"end":{"line":9,"column":9}},{"start":{"line":3,"column":8},"end":{"line":9,"column":9}}],"line":3},"2":{"loc":{"start":{"line":3,"column":11},"end":{"line":3,"column":46}},"type":"binary-expr","locations":[{"start":{"line":3,"column":11},"end":{"line":3,"column":25}},{"start":{"line":3,"column":29},"end":{"line":3,"column":46}}],"line":3}},"s":{"0":2,"1":2,"2":2,"3":0,"4":0,"5":2},"f":{"0":2},"b":{"0":[2,0],"1":[2,0],"2":[2,2]},"_coverageSchema":"43e27e138ebf9cfc5966b082cf9a028302ed4184","hash":"03f444d701101784016c05b2378c1531845b5b72"}
}
