{"F:\\Software\\Lambda\\Projects\\labs\\hackton-backend\\knexfile.js": {"path":"F:\\Software\\Lambda\\Projects\\labs\\hackton-backend\\knexfile.js","statementMap":{"0":{"start":{"line":1,"column":0},"end":{"line":1,"column":27}},"1":{"start":{"line":3,"column":0},"end":{"line":54,"column":2}}},"fnMap":{},"branchMap":{},"s":{"0":3,"1":3},"f":{},"b":{},"_coverageSchema":"43e27e138ebf9cfc5966b082cf9a028302ed4184","hash":"b639550e8466f803e8962911353b6c28595913bd"}
,"F:\\Software\\Lambda\\Projects\\labs\\hackton-backend\\api\\server.js": {"path":"F:\\Software\\Lambda\\Projects\\labs\\hackton-backend\\api\\server.js","statementMap":{"0":{"start":{"line":1,"column":16},"end":{"line":1,"column":34}},"1":{"start":{"line":2,"column":15},"end":{"line":2,"column":32}},"2":{"start":{"line":3,"column":13},"end":{"line":3,"column":28}},"3":{"start":{"line":4,"column":15},"end":{"line":4,"column":32}},"4":{"start":{"line":6,"column":0},"end":{"line":6,"column":16}},"5":{"start":{"line":7,"column":19},"end":{"line":7,"column":52}},"6":{"start":{"line":8,"column":21},"end":{"line":8,"column":58}},"7":{"start":{"line":9,"column":28},"end":{"line":9,"column":82}},"8":{"start":{"line":11,"column":15},"end":{"line":11,"column":24}},"9":{"start":{"line":13,"column":0},"end":{"line":13,"column":21}},"10":{"start":{"line":14,"column":0},"end":{"line":14,"column":27}},"11":{"start":{"line":15,"column":0},"end":{"line":15,"column":19}},"12":{"start":{"line":17,"column":0},"end":{"line":17,"column":36}},"13":{"start":{"line":18,"column":0},"end":{"line":18,"column":40}},"14":{"start":{"line":19,"column":0},"end":{"line":19,"column":55}},"15":{"start":{"line":21,"column":0},"end":{"line":26,"column":3}},"16":{"start":{"line":22,"column":2},"end":{"line":25,"column":5}},"17":{"start":{"line":28,"column":0},"end":{"line":33,"column":3}},"18":{"start":{"line":29,"column":2},"end":{"line":32,"column":5}},"19":{"start":{"line":35,"column":0},"end":{"line":35,"column":24}}},"fnMap":{"0":{"name":"(anonymous_0)","decl":{"start":{"line":21,"column":16},"end":{"line":21,"column":17}},"loc":{"start":{"line":21,"column":30},"end":{"line":26,"column":1}},"line":21},"1":{"name":"(anonymous_1)","decl":{"start":{"line":28,"column":16},"end":{"line":28,"column":17}},"loc":{"start":{"line":28,"column":30},"end":{"line":33,"column":1}},"line":28}},"branchMap":{},"s":{"0":3,"1":3,"2":3,"3":3,"4":3,"5":3,"6":3,"7":3,"8":3,"9":3,"10":3,"11":3,"12":3,"13":3,"14":3,"15":3,"16":1,"17":3,"18":1,"19":3},"f":{"0":1,"1":1},"b":{},"_coverageSchema":"43e27e138ebf9cfc5966b082cf9a028302ed4184","hash":"7ffb2ac6c7f7f7fee2c18f5042f09b86a2400999"}
,"F:\\Software\\Lambda\\Projects\\labs\\hackton-backend\\api\\auth\\authModel.js": {"path":"F:\\Software\\Lambda\\Projects\\labs\\hackton-backend\\api\\auth\\authModel.js","statementMap":{"0":{"start":{"line":1,"column":11},"end":{"line":1,"column":41}},"1":{"start":{"line":4,"column":2},"end":{"line":7,"column":13}},"2":{"start":{"line":11,"column":2},"end":{"line":14,"column":40}},"3":{"start":{"line":14,"column":20},"end":{"line":14,"column":38}},"4":{"start":{"line":18,"column":2},"end":{"line":20,"column":13}},"5":{"start":{"line":23,"column":0},"end":{"line":27,"column":2}}},"fnMap":{"0":{"name":"getUserId","decl":{"start":{"line":3,"column":9},"end":{"line":3,"column":18}},"loc":{"start":{"line":3,"column":23},"end":{"line":8,"column":1}},"line":3},"1":{"name":"addUser","decl":{"start":{"line":10,"column":9},"end":{"line":10,"column":16}},"loc":{"start":{"line":10,"column":23},"end":{"line":15,"column":1}},"line":10},"2":{"name":"(anonymous_2)","decl":{"start":{"line":14,"column":10},"end":{"line":14,"column":11}},"loc":{"start":{"line":14,"column":20},"end":{"line":14,"column":38}},"line":14},"3":{"name":"getUserBy","decl":{"start":{"line":17,"column":9},"end":{"line":17,"column":18}},"loc":{"start":{"line":17,"column":30},"end":{"line":21,"column":1}},"line":17}},"branchMap":{},"s":{"0":3,"1":8,"2":8,"3":8,"4":8,"5":3},"f":{"0":8,"1":8,"2":8,"3":8},"b":{},"_coverageSchema":"43e27e138ebf9cfc5966b082cf9a028302ed4184","hash":"a39e2244acbe3dbb74763acf379633a48679f684"}
,"F:\\Software\\Lambda\\Projects\\labs\\hackton-backend\\api\\auth\\authRouter.js": {"path":"F:\\Software\\Lambda\\Projects\\labs\\hackton-backend\\api\\auth\\authRouter.js","statementMap":{"0":{"start":{"line":1,"column":16},"end":{"line":1,"column":34}},"1":{"start":{"line":2,"column":15},"end":{"line":2,"column":32}},"2":{"start":{"line":3,"column":11},"end":{"line":3,"column":33}},"3":{"start":{"line":4,"column":22},"end":{"line":4,"column":58}},"4":{"start":{"line":6,"column":15},"end":{"line":6,"column":31}},"5":{"start":{"line":7,"column":22},"end":{"line":7,"column":54}},"6":{"start":{"line":9,"column":0},"end":{"line":29,"column":3}},"7":{"start":{"line":11,"column":15},"end":{"line":11,"column":23}},"8":{"start":{"line":12,"column":15},"end":{"line":12,"column":49}},"9":{"start":{"line":13,"column":2},"end":{"line":13,"column":23}},"10":{"start":{"line":15,"column":2},"end":{"line":28,"column":7}},"11":{"start":{"line":17,"column":20},"end":{"line":17,"column":42}},"12":{"start":{"line":18,"column":6},"end":{"line":21,"column":9}},"13":{"start":{"line":24,"column":6},"end":{"line":27,"column":9}},"14":{"start":{"line":31,"column":0},"end":{"line":54,"column":3}},"15":{"start":{"line":33,"column":30},"end":{"line":33,"column":38}},"16":{"start":{"line":35,"column":2},"end":{"line":53,"column":7}},"17":{"start":{"line":37,"column":6},"end":{"line":47,"column":7}},"18":{"start":{"line":38,"column":22},"end":{"line":38,"column":41}},"19":{"start":{"line":39,"column":8},"end":{"line":42,"column":11}},"20":{"start":{"line":44,"column":8},"end":{"line":46,"column":11}},"21":{"start":{"line":50,"column":6},"end":{"line":52,"column":9}},"22":{"start":{"line":56,"column":0},"end":{"line":56,"column":24}}},"fnMap":{"0":{"name":"(anonymous_0)","decl":{"start":{"line":9,"column":40},"end":{"line":9,"column":41}},"loc":{"start":{"line":9,"column":54},"end":{"line":29,"column":1}},"line":9},"1":{"name":"(anonymous_1)","decl":{"start":{"line":16,"column":10},"end":{"line":16,"column":11}},"loc":{"start":{"line":16,"column":21},"end":{"line":22,"column":5}},"line":16},"2":{"name":"(anonymous_2)","decl":{"start":{"line":23,"column":11},"end":{"line":23,"column":12}},"loc":{"start":{"line":23,"column":20},"end":{"line":28,"column":5}},"line":23},"3":{"name":"(anonymous_3)","decl":{"start":{"line":31,"column":37},"end":{"line":31,"column":38}},"loc":{"start":{"line":31,"column":51},"end":{"line":54,"column":1}},"line":31},"4":{"name":"(anonymous_4)","decl":{"start":{"line":36,"column":10},"end":{"line":36,"column":11}},"loc":{"start":{"line":36,"column":18},"end":{"line":48,"column":5}},"line":36},"5":{"name":"(anonymous_5)","decl":{"start":{"line":49,"column":11},"end":{"line":49,"column":12}},"loc":{"start":{"line":49,"column":20},"end":{"line":53,"column":5}},"line":49}},"branchMap":{"0":{"loc":{"start":{"line":37,"column":6},"end":{"line":47,"column":7}},"type":"if","locations":[{"start":{"line":37,"column":6},"end":{"line":47,"column":7}},{"start":{"line":37,"column":6},"end":{"line":47,"column":7}}],"line":37},"1":{"loc":{"start":{"line":37,"column":10},"end":{"line":37,"column":61}},"type":"binary-expr","locations":[{"start":{"line":37,"column":10},"end":{"line":37,"column":14}},{"start":{"line":37,"column":18},"end":{"line":37,"column":61}}],"line":37}},"s":{"0":3,"1":3,"2":3,"3":3,"4":3,"5":3,"6":3,"7":8,"8":8,"9":8,"10":8,"11":8,"12":8,"13":0,"14":3,"15":8,"16":8,"17":8,"18":8,"19":8,"20":0,"21":0,"22":3},"f":{"0":8,"1":8,"2":0,"3":8,"4":8,"5":0},"b":{"0":[8,0],"1":[8,8]},"_coverageSchema":"43e27e138ebf9cfc5966b082cf9a028302ed4184","hash":"cebe50cf90e0cb1f611594539b365c353b248228"}
,"F:\\Software\\Lambda\\Projects\\labs\\hackton-backend\\api\\auth\\authenticate.js": {"path":"F:\\Software\\Lambda\\Projects\\labs\\hackton-backend\\api\\auth\\authenticate.js","statementMap":{"0":{"start":{"line":1,"column":12},"end":{"line":1,"column":35}},"1":{"start":{"line":4,"column":16},"end":{"line":4,"column":41}},"2":{"start":{"line":5,"column":2},"end":{"line":16,"column":3}},"3":{"start":{"line":6,"column":4},"end":{"line":13,"column":7}},"4":{"start":{"line":7,"column":6},"end":{"line":12,"column":7}},"5":{"start":{"line":8,"column":8},"end":{"line":8,"column":55}},"6":{"start":{"line":10,"column":8},"end":{"line":10,"column":40}},"7":{"start":{"line":11,"column":8},"end":{"line":11,"column":15}},"8":{"start":{"line":15,"column":4},"end":{"line":15,"column":65}},"9":{"start":{"line":19,"column":0},"end":{"line":19,"column":30}}},"fnMap":{"0":{"name":"authenticate","decl":{"start":{"line":3,"column":9},"end":{"line":3,"column":21}},"loc":{"start":{"line":3,"column":38},"end":{"line":17,"column":1}},"line":3},"1":{"name":"(anonymous_1)","decl":{"start":{"line":6,"column":42},"end":{"line":6,"column":43}},"loc":{"start":{"line":6,"column":65},"end":{"line":13,"column":5}},"line":6}},"branchMap":{"0":{"loc":{"start":{"line":5,"column":2},"end":{"line":16,"column":3}},"type":"if","locations":[{"start":{"line":5,"column":2},"end":{"line":16,"column":3}},{"start":{"line":5,"column":2},"end":{"line":16,"column":3}}],"line":5},"1":{"loc":{"start":{"line":7,"column":6},"end":{"line":12,"column":7}},"type":"if","locations":[{"start":{"line":7,"column":6},"end":{"line":12,"column":7}},{"start":{"line":7,"column":6},"end":{"line":12,"column":7}}],"line":7}},"s":{"0":3,"1":15,"2":15,"3":15,"4":15,"5":0,"6":15,"7":15,"8":0,"9":3},"f":{"0":15,"1":15},"b":{"0":[15,0],"1":[0,15]},"_coverageSchema":"43e27e138ebf9cfc5966b082cf9a028302ed4184","hash":"516a5a5843805cd0be4340522405f28b1f6049b0"}
,"F:\\Software\\Lambda\\Projects\\labs\\hackton-backend\\api\\events\\eventsModel.js": {"path":"F:\\Software\\Lambda\\Projects\\labs\\hackton-backend\\api\\events\\eventsModel.js","statementMap":{"0":{"start":{"line":2,"column":11},"end":{"line":2,"column":41}},"1":{"start":{"line":4,"column":0},"end":{"line":10,"column":2}},"2":{"start":{"line":13,"column":2},"end":{"line":13,"column":36}},"3":{"start":{"line":17,"column":2},"end":{"line":19,"column":19}},"4":{"start":{"line":23,"column":2},"end":{"line":25,"column":14}},"5":{"start":{"line":29,"column":2},"end":{"line":31,"column":21}},"6":{"start":{"line":35,"column":2},"end":{"line":35,"column":22}}},"fnMap":{"0":{"name":"findById","decl":{"start":{"line":12,"column":9},"end":{"line":12,"column":17}},"loc":{"start":{"line":12,"column":22},"end":{"line":14,"column":1}},"line":12},"1":{"name":"update","decl":{"start":{"line":16,"column":9},"end":{"line":16,"column":15}},"loc":{"start":{"line":16,"column":27},"end":{"line":20,"column":1}},"line":16},"2":{"name":"remove","decl":{"start":{"line":22,"column":9},"end":{"line":22,"column":15}},"loc":{"start":{"line":22,"column":20},"end":{"line":26,"column":1}},"line":22},"3":{"name":"add","decl":{"start":{"line":28,"column":9},"end":{"line":28,"column":12}},"loc":{"start":{"line":28,"column":20},"end":{"line":32,"column":1}},"line":28},"4":{"name":"find","decl":{"start":{"line":34,"column":9},"end":{"line":34,"column":13}},"loc":{"start":{"line":34,"column":16},"end":{"line":36,"column":1}},"line":34}},"branchMap":{},"s":{"0":3,"1":3,"2":2,"3":1,"4":1,"5":3,"6":1},"f":{"0":2,"1":1,"2":1,"3":3,"4":1},"b":{},"_coverageSchema":"43e27e138ebf9cfc5966b082cf9a028302ed4184","hash":"89dccf328ce8e0f4f08a9aef41e39976d012db69"}
,"F:\\Software\\Lambda\\Projects\\labs\\hackton-backend\\api\\events\\eventsRouter.js": {"path":"F:\\Software\\Lambda\\Projects\\labs\\hackton-backend\\api\\events\\eventsRouter.js","statementMap":{"0":{"start":{"line":2,"column":16},"end":{"line":2,"column":34}},"1":{"start":{"line":3,"column":11},"end":{"line":3,"column":35}},"2":{"start":{"line":4,"column":21},"end":{"line":4,"column":52}},"3":{"start":{"line":5,"column":15},"end":{"line":5,"column":32}},"4":{"start":{"line":7,"column":15},"end":{"line":7,"column":31}},"5":{"start":{"line":9,"column":0},"end":{"line":9,"column":49}},"6":{"start":{"line":10,"column":0},"end":{"line":10,"column":47}},"7":{"start":{"line":11,"column":0},"end":{"line":11,"column":78}},"8":{"start":{"line":12,"column":0},"end":{"line":18,"column":2}},"9":{"start":{"line":19,"column":0},"end":{"line":19,"column":80}},"10":{"start":{"line":22,"column":17},"end":{"line":22,"column":27}},"11":{"start":{"line":23,"column":2},"end":{"line":29,"column":7}},"12":{"start":{"line":25,"column":6},"end":{"line":25,"column":33}},"13":{"start":{"line":28,"column":6},"end":{"line":28,"column":60}},"14":{"start":{"line":33,"column":17},"end":{"line":33,"column":27}},"15":{"start":{"line":34,"column":2},"end":{"line":40,"column":7}},"16":{"start":{"line":36,"column":6},"end":{"line":36,"column":80}},"17":{"start":{"line":39,"column":6},"end":{"line":39,"column":60}},"18":{"start":{"line":44,"column":17},"end":{"line":44,"column":27}},"19":{"start":{"line":45,"column":22},"end":{"line":45,"column":30}},"20":{"start":{"line":46,"column":26},"end":{"line":46,"column":62}},"21":{"start":{"line":47,"column":24},"end":{"line":47,"column":58}},"22":{"start":{"line":48,"column":2},"end":{"line":48,"column":43}},"23":{"start":{"line":49,"column":2},"end":{"line":49,"column":39}},"24":{"start":{"line":50,"column":2},"end":{"line":56,"column":7}},"25":{"start":{"line":52,"column":6},"end":{"line":52,"column":79}},"26":{"start":{"line":55,"column":6},"end":{"line":55,"column":60}},"27":{"start":{"line":60,"column":16},"end":{"line":60,"column":24}},"28":{"start":{"line":61,"column":20},"end":{"line":61,"column":56}},"29":{"start":{"line":62,"column":18},"end":{"line":62,"column":52}},"30":{"start":{"line":63,"column":2},"end":{"line":63,"column":31}},"31":{"start":{"line":64,"column":2},"end":{"line":64,"column":27}},"32":{"start":{"line":65,"column":2},"end":{"line":74,"column":7}},"33":{"start":{"line":67,"column":6},"end":{"line":70,"column":9}},"34":{"start":{"line":73,"column":6},"end":{"line":73,"column":60}},"35":{"start":{"line":78,"column":2},"end":{"line":84,"column":7}},"36":{"start":{"line":80,"column":6},"end":{"line":80,"column":33}},"37":{"start":{"line":83,"column":6},"end":{"line":83,"column":60}},"38":{"start":{"line":88,"column":17},"end":{"line":88,"column":27}},"39":{"start":{"line":89,"column":2},"end":{"line":95,"column":3}},"40":{"start":{"line":90,"column":4},"end":{"line":90,"column":11}},"41":{"start":{"line":92,"column":4},"end":{"line":94,"column":79}},"42":{"start":{"line":99,"column":17},"end":{"line":99,"column":27}},"43":{"start":{"line":100,"column":2},"end":{"line":114,"column":7}},"44":{"start":{"line":102,"column":6},"end":{"line":110,"column":7}},"45":{"start":{"line":103,"column":8},"end":{"line":106,"column":11}},"46":{"start":{"line":108,"column":8},"end":{"line":108,"column":25}},"47":{"start":{"line":109,"column":8},"end":{"line":109,"column":15}},"48":{"start":{"line":113,"column":6},"end":{"line":113,"column":42}},"49":{"start":{"line":117,"column":0},"end":{"line":117,"column":24}}},"fnMap":{"0":{"name":"handleEventGetById","decl":{"start":{"line":21,"column":9},"end":{"line":21,"column":27}},"loc":{"start":{"line":21,"column":38},"end":{"line":30,"column":1}},"line":21},"1":{"name":"(anonymous_1)","decl":{"start":{"line":24,"column":10},"end":{"line":24,"column":11}},"loc":{"start":{"line":24,"column":18},"end":{"line":26,"column":5}},"line":24},"2":{"name":"(anonymous_2)","decl":{"start":{"line":27,"column":11},"end":{"line":27,"column":12}},"loc":{"start":{"line":27,"column":20},"end":{"line":29,"column":5}},"line":27},"3":{"name":"handleEventsDelete","decl":{"start":{"line":32,"column":9},"end":{"line":32,"column":27}},"loc":{"start":{"line":32,"column":38},"end":{"line":41,"column":1}},"line":32},"4":{"name":"(anonymous_4)","decl":{"start":{"line":35,"column":10},"end":{"line":35,"column":11}},"loc":{"start":{"line":35,"column":16},"end":{"line":37,"column":5}},"line":35},"5":{"name":"(anonymous_5)","decl":{"start":{"line":38,"column":11},"end":{"line":38,"column":12}},"loc":{"start":{"line":38,"column":20},"end":{"line":40,"column":5}},"line":38},"6":{"name":"handleEventsEdit","decl":{"start":{"line":43,"column":9},"end":{"line":43,"column":25}},"loc":{"start":{"line":43,"column":36},"end":{"line":57,"column":1}},"line":43},"7":{"name":"(anonymous_7)","decl":{"start":{"line":51,"column":10},"end":{"line":51,"column":11}},"loc":{"start":{"line":51,"column":16},"end":{"line":53,"column":5}},"line":51},"8":{"name":"(anonymous_8)","decl":{"start":{"line":54,"column":11},"end":{"line":54,"column":12}},"loc":{"start":{"line":54,"column":20},"end":{"line":56,"column":5}},"line":54},"9":{"name":"handleEventsPost","decl":{"start":{"line":59,"column":9},"end":{"line":59,"column":25}},"loc":{"start":{"line":59,"column":36},"end":{"line":75,"column":1}},"line":59},"10":{"name":"(anonymous_10)","decl":{"start":{"line":66,"column":10},"end":{"line":66,"column":11}},"loc":{"start":{"line":66,"column":18},"end":{"line":71,"column":5}},"line":66},"11":{"name":"(anonymous_11)","decl":{"start":{"line":72,"column":11},"end":{"line":72,"column":12}},"loc":{"start":{"line":72,"column":20},"end":{"line":74,"column":5}},"line":72},"12":{"name":"handleEventsGet","decl":{"start":{"line":77,"column":9},"end":{"line":77,"column":24}},"loc":{"start":{"line":77,"column":35},"end":{"line":85,"column":1}},"line":77},"13":{"name":"(anonymous_13)","decl":{"start":{"line":79,"column":10},"end":{"line":79,"column":11}},"loc":{"start":{"line":79,"column":18},"end":{"line":81,"column":5}},"line":79},"14":{"name":"(anonymous_14)","decl":{"start":{"line":82,"column":11},"end":{"line":82,"column":12}},"loc":{"start":{"line":82,"column":20},"end":{"line":84,"column":5}},"line":82},"15":{"name":"validateID","decl":{"start":{"line":87,"column":9},"end":{"line":87,"column":19}},"loc":{"start":{"line":87,"column":36},"end":{"line":96,"column":1}},"line":87},"16":{"name":"ValidateEvent","decl":{"start":{"line":98,"column":9},"end":{"line":98,"column":22}},"loc":{"start":{"line":98,"column":39},"end":{"line":115,"column":1}},"line":98},"17":{"name":"(anonymous_17)","decl":{"start":{"line":101,"column":10},"end":{"line":101,"column":11}},"loc":{"start":{"line":101,"column":18},"end":{"line":111,"column":5}},"line":101},"18":{"name":"(anonymous_18)","decl":{"start":{"line":112,"column":11},"end":{"line":112,"column":12}},"loc":{"start":{"line":112,"column":20},"end":{"line":114,"column":5}},"line":112}},"branchMap":{"0":{"loc":{"start":{"line":89,"column":2},"end":{"line":95,"column":3}},"type":"if","locations":[{"start":{"line":89,"column":2},"end":{"line":95,"column":3}},{"start":{"line":89,"column":2},"end":{"line":95,"column":3}}],"line":89},"1":{"loc":{"start":{"line":102,"column":6},"end":{"line":110,"column":7}},"type":"if","locations":[{"start":{"line":102,"column":6},"end":{"line":110,"column":7}},{"start":{"line":102,"column":6},"end":{"line":110,"column":7}}],"line":102}},"s":{"0":3,"1":3,"2":3,"3":3,"4":3,"5":3,"6":3,"7":3,"8":3,"9":3,"10":0,"11":0,"12":0,"13":0,"14":1,"15":1,"16":1,"17":0,"18":1,"19":1,"20":1,"21":1,"22":1,"23":1,"24":1,"25":1,"26":0,"27":3,"28":3,"29":3,"30":3,"31":3,"32":3,"33":3,"34":0,"35":1,"36":1,"37":0,"38":2,"39":2,"40":2,"41":0,"42":2,"43":2,"44":2,"45":0,"46":2,"47":2,"48":0,"49":3},"f":{"0":0,"1":0,"2":0,"3":1,"4":1,"5":0,"6":1,"7":1,"8":0,"9":3,"10":3,"11":0,"12":1,"13":1,"14":0,"15":2,"16":2,"17":2,"18":0},"b":{"0":[2,0],"1":[0,2]},"_coverageSchema":"43e27e138ebf9cfc5966b082cf9a028302ed4184","hash":"2cc3ddd383a398443df89471ce5fa5f5f22b45ba"}
,"F:\\Software\\Lambda\\Projects\\labs\\hackton-backend\\api\\eventsCategories\\eventCategoryModel.js": {"path":"F:\\Software\\Lambda\\Projects\\labs\\hackton-backend\\api\\eventsCategories\\eventCategoryModel.js","statementMap":{"0":{"start":{"line":2,"column":11},"end":{"line":2,"column":41}},"1":{"start":{"line":4,"column":0},"end":{"line":10,"column":2}},"2":{"start":{"line":13,"column":2},"end":{"line":13,"column":46}},"3":{"start":{"line":17,"column":2},"end":{"line":19,"column":22}},"4":{"start":{"line":23,"column":2},"end":{"line":25,"column":14}},"5":{"start":{"line":29,"column":2},"end":{"line":31,"column":21}},"6":{"start":{"line":35,"column":2},"end":{"line":35,"column":32}}},"fnMap":{"0":{"name":"findById","decl":{"start":{"line":12,"column":9},"end":{"line":12,"column":17}},"loc":{"start":{"line":12,"column":22},"end":{"line":14,"column":1}},"line":12},"1":{"name":"update","decl":{"start":{"line":16,"column":9},"end":{"line":16,"column":15}},"loc":{"start":{"line":16,"column":30},"end":{"line":20,"column":1}},"line":16},"2":{"name":"remove","decl":{"start":{"line":22,"column":9},"end":{"line":22,"column":15}},"loc":{"start":{"line":22,"column":20},"end":{"line":26,"column":1}},"line":22},"3":{"name":"add","decl":{"start":{"line":28,"column":9},"end":{"line":28,"column":12}},"loc":{"start":{"line":28,"column":23},"end":{"line":32,"column":1}},"line":28},"4":{"name":"find","decl":{"start":{"line":34,"column":9},"end":{"line":34,"column":13}},"loc":{"start":{"line":34,"column":16},"end":{"line":36,"column":1}},"line":34}},"branchMap":{},"s":{"0":3,"1":3,"2":2,"3":1,"4":1,"5":6,"6":1},"f":{"0":2,"1":1,"2":1,"3":6,"4":1},"b":{},"_coverageSchema":"43e27e138ebf9cfc5966b082cf9a028302ed4184","hash":"a1f7beaae9317ffbe4cdd27c44da1003df3c283e"}
,"F:\\Software\\Lambda\\Projects\\labs\\hackton-backend\\api\\eventsCategories\\eventCategoryRouter.js": {"path":"F:\\Software\\Lambda\\Projects\\labs\\hackton-backend\\api\\eventsCategories\\eventCategoryRouter.js","statementMap":{"0":{"start":{"line":3,"column":16},"end":{"line":3,"column":34}},"1":{"start":{"line":4,"column":11},"end":{"line":4,"column":42}},"2":{"start":{"line":5,"column":21},"end":{"line":5,"column":52}},"3":{"start":{"line":7,"column":15},"end":{"line":7,"column":31}},"4":{"start":{"line":9,"column":0},"end":{"line":9,"column":53}},"5":{"start":{"line":10,"column":0},"end":{"line":10,"column":51}},"6":{"start":{"line":11,"column":0},"end":{"line":17,"column":2}},"7":{"start":{"line":18,"column":0},"end":{"line":24,"column":2}},"8":{"start":{"line":27,"column":17},"end":{"line":27,"column":27}},"9":{"start":{"line":28,"column":2},"end":{"line":36,"column":7}},"10":{"start":{"line":30,"column":6},"end":{"line":32,"column":76}},"11":{"start":{"line":35,"column":6},"end":{"line":35,"column":60}},"12":{"start":{"line":40,"column":17},"end":{"line":40,"column":27}},"13":{"start":{"line":41,"column":25},"end":{"line":43,"column":3}},"14":{"start":{"line":44,"column":2},"end":{"line":52,"column":7}},"15":{"start":{"line":46,"column":6},"end":{"line":48,"column":75}},"16":{"start":{"line":51,"column":6},"end":{"line":51,"column":60}},"17":{"start":{"line":56,"column":19},"end":{"line":56,"column":27}},"18":{"start":{"line":57,"column":2},"end":{"line":66,"column":7}},"19":{"start":{"line":59,"column":6},"end":{"line":62,"column":9}},"20":{"start":{"line":65,"column":6},"end":{"line":65,"column":60}},"21":{"start":{"line":70,"column":2},"end":{"line":76,"column":7}},"22":{"start":{"line":72,"column":6},"end":{"line":72,"column":33}},"23":{"start":{"line":75,"column":6},"end":{"line":75,"column":60}},"24":{"start":{"line":80,"column":17},"end":{"line":80,"column":27}},"25":{"start":{"line":81,"column":2},"end":{"line":87,"column":3}},"26":{"start":{"line":82,"column":4},"end":{"line":82,"column":11}},"27":{"start":{"line":84,"column":4},"end":{"line":86,"column":79}},"28":{"start":{"line":91,"column":17},"end":{"line":91,"column":27}},"29":{"start":{"line":92,"column":2},"end":{"line":106,"column":7}},"30":{"start":{"line":94,"column":6},"end":{"line":102,"column":7}},"31":{"start":{"line":95,"column":8},"end":{"line":98,"column":11}},"32":{"start":{"line":100,"column":8},"end":{"line":100,"column":28}},"33":{"start":{"line":101,"column":8},"end":{"line":101,"column":15}},"34":{"start":{"line":105,"column":6},"end":{"line":105,"column":34}},"35":{"start":{"line":109,"column":0},"end":{"line":109,"column":24}}},"fnMap":{"0":{"name":"handleCategoriesDelete","decl":{"start":{"line":26,"column":9},"end":{"line":26,"column":31}},"loc":{"start":{"line":26,"column":42},"end":{"line":37,"column":1}},"line":26},"1":{"name":"(anonymous_1)","decl":{"start":{"line":29,"column":10},"end":{"line":29,"column":11}},"loc":{"start":{"line":29,"column":16},"end":{"line":33,"column":5}},"line":29},"2":{"name":"(anonymous_2)","decl":{"start":{"line":34,"column":11},"end":{"line":34,"column":12}},"loc":{"start":{"line":34,"column":20},"end":{"line":36,"column":5}},"line":34},"3":{"name":"handleCategoriesEdit","decl":{"start":{"line":39,"column":9},"end":{"line":39,"column":29}},"loc":{"start":{"line":39,"column":40},"end":{"line":53,"column":1}},"line":39},"4":{"name":"(anonymous_4)","decl":{"start":{"line":45,"column":10},"end":{"line":45,"column":11}},"loc":{"start":{"line":45,"column":16},"end":{"line":49,"column":5}},"line":45},"5":{"name":"(anonymous_5)","decl":{"start":{"line":50,"column":11},"end":{"line":50,"column":12}},"loc":{"start":{"line":50,"column":20},"end":{"line":52,"column":5}},"line":50},"6":{"name":"handleCategoriesPost","decl":{"start":{"line":55,"column":9},"end":{"line":55,"column":29}},"loc":{"start":{"line":55,"column":40},"end":{"line":67,"column":1}},"line":55},"7":{"name":"(anonymous_7)","decl":{"start":{"line":58,"column":10},"end":{"line":58,"column":11}},"loc":{"start":{"line":58,"column":18},"end":{"line":63,"column":5}},"line":58},"8":{"name":"(anonymous_8)","decl":{"start":{"line":64,"column":11},"end":{"line":64,"column":12}},"loc":{"start":{"line":64,"column":20},"end":{"line":66,"column":5}},"line":64},"9":{"name":"handleCategoriesGet","decl":{"start":{"line":69,"column":9},"end":{"line":69,"column":28}},"loc":{"start":{"line":69,"column":39},"end":{"line":77,"column":1}},"line":69},"10":{"name":"(anonymous_10)","decl":{"start":{"line":71,"column":10},"end":{"line":71,"column":11}},"loc":{"start":{"line":71,"column":18},"end":{"line":73,"column":5}},"line":71},"11":{"name":"(anonymous_11)","decl":{"start":{"line":74,"column":11},"end":{"line":74,"column":12}},"loc":{"start":{"line":74,"column":20},"end":{"line":76,"column":5}},"line":74},"12":{"name":"validateID","decl":{"start":{"line":79,"column":9},"end":{"line":79,"column":19}},"loc":{"start":{"line":79,"column":36},"end":{"line":88,"column":1}},"line":79},"13":{"name":"ValidateCategory","decl":{"start":{"line":90,"column":9},"end":{"line":90,"column":25}},"loc":{"start":{"line":90,"column":42},"end":{"line":107,"column":1}},"line":90},"14":{"name":"(anonymous_14)","decl":{"start":{"line":93,"column":10},"end":{"line":93,"column":11}},"loc":{"start":{"line":93,"column":18},"end":{"line":103,"column":5}},"line":93},"15":{"name":"(anonymous_15)","decl":{"start":{"line":104,"column":11},"end":{"line":104,"column":12}},"loc":{"start":{"line":104,"column":20},"end":{"line":106,"column":5}},"line":104}},"branchMap":{"0":{"loc":{"start":{"line":81,"column":2},"end":{"line":87,"column":3}},"type":"if","locations":[{"start":{"line":81,"column":2},"end":{"line":87,"column":3}},{"start":{"line":81,"column":2},"end":{"line":87,"column":3}}],"line":81},"1":{"loc":{"start":{"line":94,"column":6},"end":{"line":102,"column":7}},"type":"if","locations":[{"start":{"line":94,"column":6},"end":{"line":102,"column":7}},{"start":{"line":94,"column":6},"end":{"line":102,"column":7}}],"line":94}},"s":{"0":3,"1":3,"2":3,"3":3,"4":3,"5":3,"6":3,"7":3,"8":1,"9":1,"10":1,"11":0,"12":1,"13":1,"14":1,"15":1,"16":0,"17":6,"18":6,"19":6,"20":0,"21":1,"22":1,"23":0,"24":2,"25":2,"26":2,"27":0,"28":2,"29":2,"30":2,"31":0,"32":2,"33":2,"34":0,"35":3},"f":{"0":1,"1":1,"2":0,"3":1,"4":1,"5":0,"6":6,"7":6,"8":0,"9":1,"10":1,"11":0,"12":2,"13":2,"14":2,"15":0},"b":{"0":[2,0],"1":[0,2]},"_coverageSchema":"43e27e138ebf9cfc5966b082cf9a028302ed4184","hash":"266180b31707c22357f6b0e9afe187d2c6680102"}
,"F:\\Software\\Lambda\\Projects\\labs\\hackton-backend\\data\\dbConfig.js": {"path":"F:\\Software\\Lambda\\Projects\\labs\\hackton-backend\\data\\dbConfig.js","statementMap":{"0":{"start":{"line":1,"column":13},"end":{"line":1,"column":28}},"1":{"start":{"line":2,"column":20},"end":{"line":2,"column":45}},"2":{"start":{"line":4,"column":15},"end":{"line":4,"column":37}},"3":{"start":{"line":6,"column":0},"end":{"line":6,"column":43}}},"fnMap":{},"branchMap":{},"s":{"0":3,"1":3,"2":3,"3":3},"f":{},"b":{},"_coverageSchema":"43e27e138ebf9cfc5966b082cf9a028302ed4184","hash":"55ec004ee8601bee8cbadc884062958cdf06eba8"}
,"F:\\Software\\Lambda\\Projects\\labs\\hackton-backend\\environment\\index.js": {"path":"F:\\Software\\Lambda\\Projects\\labs\\hackton-backend\\environment\\index.js","statementMap":{"0":{"start":{"line":1,"column":20},"end":{"line":1,"column":55}},"1":{"start":{"line":2,"column":0},"end":{"line":2,"column":29}}},"fnMap":{},"branchMap":{"0":{"loc":{"start":{"line":1,"column":20},"end":{"line":1,"column":55}},"type":"binary-expr","locations":[{"start":{"line":1,"column":20},"end":{"line":1,"column":38}},{"start":{"line":1,"column":42},"end":{"line":1,"column":55}}],"line":1}},"s":{"0":3,"1":3},"f":{},"b":{"0":[3,0]},"_coverageSchema":"43e27e138ebf9cfc5966b082cf9a028302ed4184","hash":"687b92d54b1fa37f4cd266f10b200b7e39e7c17e"}
,"F:\\Software\\Lambda\\Projects\\labs\\hackton-backend\\utils\\generateToken.js": {"path":"F:\\Software\\Lambda\\Projects\\labs\\hackton-backend\\utils\\generateToken.js","statementMap":{"0":{"start":{"line":1,"column":12},"end":{"line":1,"column":35}},"1":{"start":{"line":4,"column":18},"end":{"line":7,"column":3}},"2":{"start":{"line":8,"column":18},"end":{"line":10,"column":3}},"3":{"start":{"line":11,"column":17},"end":{"line":15,"column":3}},"4":{"start":{"line":16,"column":2},"end":{"line":16,"column":16}},"5":{"start":{"line":19,"column":0},"end":{"line":19,"column":31}}},"fnMap":{"0":{"name":"generateToken","decl":{"start":{"line":3,"column":9},"end":{"line":3,"column":22}},"loc":{"start":{"line":3,"column":29},"end":{"line":17,"column":1}},"line":3}},"branchMap":{"0":{"loc":{"start":{"line":13,"column":4},"end":{"line":13,"column":40}},"type":"binary-expr","locations":[{"start":{"line":13,"column":4},"end":{"line":13,"column":22}},{"start":{"line":13,"column":26},"end":{"line":13,"column":40}}],"line":13}},"s":{"0":3,"1":16,"2":16,"3":16,"4":16,"5":3},"f":{"0":16},"b":{"0":[16,0]},"_coverageSchema":"43e27e138ebf9cfc5966b082cf9a028302ed4184","hash":"87b61c4dcdb5242a5bc4e4ffc79eca1428b71a9b"}
,"F:\\Software\\Lambda\\Projects\\labs\\hackton-backend\\utils\\validator.js": {"path":"F:\\Software\\Lambda\\Projects\\labs\\hackton-backend\\utils\\validator.js","statementMap":{"0":{"start":{"line":2,"column":4},"end":{"line":14,"column":5}},"1":{"start":{"line":3,"column":8},"end":{"line":9,"column":9}},"2":{"start":{"line":4,"column":12},"end":{"line":4,"column":18}},"3":{"start":{"line":6,"column":12},"end":{"line":8,"column":14}},"4":{"start":{"line":11,"column":8},"end":{"line":13,"column":10}},"5":{"start":{"line":17,"column":0},"end":{"line":17,"column":31}}},"fnMap":{"0":{"name":"bodyValidator","decl":{"start":{"line":1,"column":9},"end":{"line":1,"column":22}},"loc":{"start":{"line":1,"column":40},"end":{"line":15,"column":1}},"line":1}},"branchMap":{"0":{"loc":{"start":{"line":2,"column":4},"end":{"line":14,"column":5}},"type":"if","locations":[{"start":{"line":2,"column":4},"end":{"line":14,"column":5}},{"start":{"line":2,"column":4},"end":{"line":14,"column":5}}],"line":2},"1":{"loc":{"start":{"line":3,"column":8},"end":{"line":9,"column":9}},"type":"if","locations":[{"start":{"line":3,"column":8},"end":{"line":9,"column":9}},{"start":{"line":3,"column":8},"end":{"line":9,"column":9}}],"line":3},"2":{"loc":{"start":{"line":3,"column":11},"end":{"line":3,"column":46}},"type":"binary-expr","locations":[{"start":{"line":3,"column":11},"end":{"line":3,"column":25}},{"start":{"line":3,"column":29},"end":{"line":3,"column":46}}],"line":3}},"s":{"0":16,"1":16,"2":16,"3":0,"4":0,"5":3},"f":{"0":16},"b":{"0":[16,0],"1":[16,0],"2":[16,16]},"_coverageSchema":"43e27e138ebf9cfc5966b082cf9a028302ed4184","hash":"a054dca17f55168ec743dec3ae3ceafaf222ccdd"}
}
