TN:
SF:F:\Software\Lambda\Projects\labs\hackton-backend\knexfile.js
FNF:0
FNH:0
DA:1,3
DA:3,3
LF:2
LH:2
BRF:0
BRH:0
end_of_record
TN:
SF:F:\Software\Lambda\Projects\labs\hackton-backend\api\server.js
FN:21,(anonymous_0)
FN:28,(anonymous_1)
FNF:2
FNH:2
FNDA:1,(anonymous_0)
FNDA:1,(anonymous_1)
DA:1,3
DA:2,3
DA:3,3
DA:4,3
DA:6,3
DA:7,3
DA:8,3
DA:9,3
DA:11,3
DA:13,3
DA:14,3
DA:15,3
DA:17,3
DA:18,3
DA:19,3
DA:21,3
DA:22,1
DA:28,3
DA:29,1
DA:35,3
LF:20
LH:20
BRF:0
BRH:0
end_of_record
TN:
SF:F:\Software\Lambda\Projects\labs\hackton-backend\api\auth\authModel.js
FN:3,getUserId
FN:10,addUser
FN:14,(anonymous_2)
FN:17,getUserBy
FNF:4
FNH:4
FNDA:12,getUserId
FNDA:12,addUser
FNDA:12,(anonymous_2)
FNDA:12,getUserBy
DA:1,3
DA:4,12
DA:11,12
DA:14,12
DA:18,12
DA:23,3
LF:6
LH:6
BRF:0
BRH:0
end_of_record
TN:
SF:F:\Software\Lambda\Projects\labs\hackton-backend\api\auth\authRouter.js
FN:9,(anonymous_0)
FN:16,(anonymous_1)
FN:23,(anonymous_2)
FN:31,(anonymous_3)
FN:36,(anonymous_4)
FN:49,(anonymous_5)
FNF:6
FNH:4
FNDA:12,(anonymous_0)
FNDA:12,(anonymous_1)
FNDA:0,(anonymous_2)
FNDA:12,(anonymous_3)
FNDA:12,(anonymous_4)
FNDA:0,(anonymous_5)
DA:1,3
DA:2,3
DA:3,3
DA:4,3
DA:6,3
DA:7,3
DA:9,3
DA:11,12
DA:12,12
DA:13,12
DA:15,12
DA:17,12
DA:18,12
DA:24,0
DA:31,3
DA:33,12
DA:35,12
DA:37,12
DA:38,12
DA:39,12
DA:44,0
DA:50,0
DA:56,3
LF:23
LH:20
BRDA:37,0,0,12
BRDA:37,0,1,0
BRDA:37,1,0,12
BRDA:37,1,1,12
BRF:4
BRH:3
end_of_record
TN:
SF:F:\Software\Lambda\Projects\labs\hackton-backend\api\auth\authenticate.js
FN:3,authenticate
FN:6,(anonymous_1)
FNF:2
FNH:2
FNDA:23,authenticate
FNDA:23,(anonymous_1)
DA:1,3
DA:4,23
DA:5,23
DA:6,23
DA:7,23
DA:8,0
DA:10,23
DA:11,23
DA:15,0
DA:19,3
LF:10
LH:8
BRDA:5,0,0,23
BRDA:5,0,1,0
BRDA:7,1,0,0
BRDA:7,1,1,23
BRF:4
BRH:2
end_of_record
TN:
SF:F:\Software\Lambda\Projects\labs\hackton-backend\api\events\eventsModel.js
FN:12,findById
FN:16,update
FN:22,remove
FN:28,add
FN:34,find
FNF:5
FNH:5
FNDA:3,findById
FNDA:2,update
FNDA:1,remove
FNDA:4,add
FNDA:1,find
DA:2,3
DA:4,3
DA:13,3
DA:17,2
DA:23,1
DA:29,4
DA:35,1
LF:7
LH:7
BRF:0
BRH:0
end_of_record
TN:
SF:F:\Software\Lambda\Projects\labs\hackton-backend\api\events\eventsRouter.js
FN:21,handleEventGetById
FN:24,(anonymous_1)
FN:27,(anonymous_2)
FN:32,handleEventsDelete
FN:35,(anonymous_4)
FN:38,(anonymous_5)
FN:43,handleEventsEdit
FN:62,(anonymous_7)
FN:65,(anonymous_8)
FN:70,handleEventsPost
FN:89,(anonymous_10)
FN:95,(anonymous_11)
FN:100,handleEventsGet
FN:102,(anonymous_13)
FN:105,(anonymous_14)
FN:110,validateID
FN:121,ValidateEvent
FN:124,(anonymous_17)
FN:135,(anonymous_18)
FNF:19
FNH:11
FNDA:0,handleEventGetById
FNDA:0,(anonymous_1)
FNDA:0,(anonymous_2)
FNDA:1,handleEventsDelete
FNDA:1,(anonymous_4)
FNDA:0,(anonymous_5)
FNDA:2,handleEventsEdit
FNDA:2,(anonymous_7)
FNDA:0,(anonymous_8)
FNDA:4,handleEventsPost
FNDA:4,(anonymous_10)
FNDA:0,(anonymous_11)
FNDA:1,handleEventsGet
FNDA:1,(anonymous_13)
FNDA:0,(anonymous_14)
FNDA:3,validateID
FNDA:3,ValidateEvent
FNDA:3,(anonymous_17)
FNDA:0,(anonymous_18)
DA:2,3
DA:3,3
DA:4,3
DA:5,3
DA:7,3
DA:9,3
DA:10,3
DA:11,3
DA:12,3
DA:19,3
DA:22,0
DA:23,0
DA:25,0
DA:28,0
DA:33,1
DA:34,1
DA:36,1
DA:39,0
DA:44,2
DA:45,2
DA:46,2
DA:47,2
DA:59,2
DA:60,2
DA:61,2
DA:63,2
DA:66,0
DA:71,4
DA:72,4
DA:73,4
DA:85,4
DA:86,4
DA:88,4
DA:90,4
DA:96,0
DA:101,1
DA:103,1
DA:106,0
DA:111,3
DA:112,3
DA:113,3
DA:115,0
DA:122,3
DA:123,3
DA:125,3
DA:126,0
DA:131,3
DA:132,3
DA:136,0
DA:140,3
LF:50
LH:39
BRDA:112,0,0,3
BRDA:112,0,1,0
BRDA:125,1,0,0
BRDA:125,1,1,3
BRF:4
BRH:2
end_of_record
TN:
SF:F:\Software\Lambda\Projects\labs\hackton-backend\api\eventsCategories\eventCategoryModel.js
FN:12,findById
FN:16,update
FN:22,remove
FN:28,add
FN:34,find
FNF:5
FNH:5
FNDA:3,findById
FNDA:1,update
FNDA:1,remove
FNDA:10,add
FNDA:1,find
DA:2,3
DA:4,3
DA:13,3
DA:17,1
DA:23,1
DA:29,10
DA:35,1
LF:7
LH:7
BRF:0
BRH:0
end_of_record
TN:
SF:F:\Software\Lambda\Projects\labs\hackton-backend\api\eventsCategories\eventCategoryRouter.js
FN:26,handleCategoriesDelete
FN:29,(anonymous_1)
FN:34,(anonymous_2)
FN:39,handleCategoriesEdit
FN:45,(anonymous_4)
FN:50,(anonymous_5)
FN:55,handleCategoriesPost
FN:58,(anonymous_7)
FN:64,(anonymous_8)
FN:69,handleCategoriesGet
FN:71,(anonymous_10)
FN:74,(anonymous_11)
FN:79,validateID
FN:90,ValidateCategory
FN:93,(anonymous_14)
FN:104,(anonymous_15)
FNF:16
FNH:12
FNDA:1,handleCategoriesDelete
FNDA:1,(anonymous_1)
FNDA:0,(anonymous_2)
FNDA:1,handleCategoriesEdit
FNDA:1,(anonymous_4)
FNDA:0,(anonymous_5)
FNDA:10,handleCategoriesPost
FNDA:9,(anonymous_7)
FNDA:1,(anonymous_8)
FNDA:1,handleCategoriesGet
FNDA:1,(anonymous_10)
FNDA:0,(anonymous_11)
FNDA:4,validateID
FNDA:3,ValidateCategory
FNDA:3,(anonymous_14)
FNDA:0,(anonymous_15)
DA:3,3
DA:4,3
DA:5,3
DA:7,3
DA:9,3
DA:10,3
DA:11,3
DA:18,3
DA:27,1
DA:28,1
DA:30,1
DA:35,0
DA:40,1
DA:41,1
DA:44,1
DA:46,1
DA:51,0
DA:56,10
DA:57,10
DA:59,9
DA:65,1
DA:70,1
DA:72,1
DA:75,0
DA:80,4
DA:81,4
DA:82,3
DA:84,1
DA:91,3
DA:92,3
DA:94,3
DA:95,1
DA:100,2
DA:101,2
DA:105,0
DA:109,3
LF:36
LH:32
BRDA:81,0,0,3
BRDA:81,0,1,1
BRDA:94,1,0,1
BRDA:94,1,1,2
BRF:4
BRH:4
end_of_record
TN:
SF:F:\Software\Lambda\Projects\labs\hackton-backend\data\dbConfig.js
FNF:0
FNH:0
DA:1,3
DA:2,3
DA:4,3
DA:6,3
LF:4
LH:4
BRF:0
BRH:0
end_of_record
TN:
SF:F:\Software\Lambda\Projects\labs\hackton-backend\environment\index.js
FNF:0
FNH:0
DA:1,3
DA:2,3
LF:2
LH:2
BRDA:1,0,0,3
BRDA:1,0,1,0
BRF:2
BRH:1
end_of_record
TN:
SF:F:\Software\Lambda\Projects\labs\hackton-backend\utils\generateToken.js
FN:3,generateToken
FNF:1
FNH:1
FNDA:24,generateToken
DA:1,3
DA:4,24
DA:8,24
DA:11,24
DA:16,24
DA:19,3
LF:6
LH:6
BRDA:13,0,0,24
BRDA:13,0,1,0
BRF:2
BRH:1
end_of_record
TN:
SF:F:\Software\Lambda\Projects\labs\hackton-backend\utils\validator.js
FN:1,bodyValidator
FNF:1
FNH:1
FNDA:24,bodyValidator
DA:2,24
DA:3,24
DA:4,24
DA:6,0
DA:11,0
DA:17,3
LF:6
LH:4
BRDA:2,0,0,24
BRDA:2,0,1,0
BRDA:3,1,0,24
BRDA:3,1,1,0
BRDA:3,2,0,24
BRDA:3,2,1,24
BRF:6
BRH:4
end_of_record
