TN:
SF:F:\Software\Lambda\Projects\labs\hackton-backend\knexfile.js
FNF:0
FNH:0
DA:1,3
DA:3,3
LF:2
LH:2
BRF:0
BRH:0
end_of_record
TN:
SF:F:\Software\Lambda\Projects\labs\hackton-backend\api\server.js
FN:21,(anonymous_0)
FN:28,(anonymous_1)
FNF:2
FNH:2
FNDA:1,(anonymous_0)
FNDA:1,(anonymous_1)
DA:1,3
DA:2,3
DA:3,3
DA:4,3
DA:6,3
DA:7,3
DA:8,3
DA:9,3
DA:11,3
DA:13,3
DA:14,3
DA:15,3
DA:17,3
DA:18,3
DA:19,3
DA:21,3
DA:22,1
DA:28,3
DA:29,1
DA:35,3
LF:20
LH:20
BRF:0
BRH:0
end_of_record
TN:
SF:F:\Software\Lambda\Projects\labs\hackton-backend\api\auth\authModel.js
FN:3,getUserId
FN:10,addUser
FN:14,(anonymous_2)
FN:17,getUserBy
FNF:4
FNH:4
FNDA:8,getUserId
FNDA:8,addUser
FNDA:8,(anonymous_2)
FNDA:8,getUserBy
DA:1,3
DA:4,8
DA:11,8
DA:14,8
DA:18,8
DA:23,3
LF:6
LH:6
BRF:0
BRH:0
end_of_record
TN:
SF:F:\Software\Lambda\Projects\labs\hackton-backend\api\auth\authRouter.js
FN:9,(anonymous_0)
FN:16,(anonymous_1)
FN:23,(anonymous_2)
FN:31,(anonymous_3)
FN:36,(anonymous_4)
FN:49,(anonymous_5)
FNF:6
FNH:4
FNDA:8,(anonymous_0)
FNDA:8,(anonymous_1)
FNDA:0,(anonymous_2)
FNDA:8,(anonymous_3)
FNDA:8,(anonymous_4)
FNDA:0,(anonymous_5)
DA:1,3
DA:2,3
DA:3,3
DA:4,3
DA:6,3
DA:7,3
DA:9,3
DA:11,8
DA:12,8
DA:13,8
DA:15,8
DA:17,8
DA:18,8
DA:24,0
DA:31,3
DA:33,8
DA:35,8
DA:37,8
DA:38,8
DA:39,8
DA:44,0
DA:50,0
DA:56,3
LF:23
LH:20
BRDA:37,0,0,8
BRDA:37,0,1,0
BRDA:37,1,0,8
BRDA:37,1,1,8
BRF:4
BRH:3
end_of_record
TN:
SF:F:\Software\Lambda\Projects\labs\hackton-backend\api\auth\authenticate.js
FN:3,authenticate
FN:6,(anonymous_1)
FNF:2
FNH:2
FNDA:15,authenticate
FNDA:15,(anonymous_1)
DA:1,3
DA:4,15
DA:5,15
DA:6,15
DA:7,15
DA:8,0
DA:10,15
DA:11,15
DA:15,0
DA:19,3
LF:10
LH:8
BRDA:5,0,0,15
BRDA:5,0,1,0
BRDA:7,1,0,0
BRDA:7,1,1,15
BRF:4
BRH:2
end_of_record
TN:
SF:F:\Software\Lambda\Projects\labs\hackton-backend\api\events\eventsModel.js
FN:12,findById
FN:16,update
FN:22,remove
FN:28,add
FN:34,find
FNF:5
FNH:5
FNDA:2,findById
FNDA:1,update
FNDA:1,remove
FNDA:3,add
FNDA:1,find
DA:2,3
DA:4,3
DA:13,2
DA:17,1
DA:23,1
DA:29,3
DA:35,1
LF:7
LH:7
BRF:0
BRH:0
end_of_record
TN:
SF:F:\Software\Lambda\Projects\labs\hackton-backend\api\events\eventsRouter.js
FN:21,handleEventGetById
FN:24,(anonymous_1)
FN:27,(anonymous_2)
FN:32,handleEventsDelete
FN:35,(anonymous_4)
FN:38,(anonymous_5)
FN:43,handleEventsEdit
FN:51,(anonymous_7)
FN:54,(anonymous_8)
FN:59,handleEventsPost
FN:66,(anonymous_10)
FN:72,(anonymous_11)
FN:77,handleEventsGet
FN:79,(anonymous_13)
FN:82,(anonymous_14)
FN:87,validateID
FN:98,ValidateEvent
FN:101,(anonymous_17)
FN:112,(anonymous_18)
FNF:19
FNH:11
FNDA:0,handleEventGetById
FNDA:0,(anonymous_1)
FNDA:0,(anonymous_2)
FNDA:1,handleEventsDelete
FNDA:1,(anonymous_4)
FNDA:0,(anonymous_5)
FNDA:1,handleEventsEdit
FNDA:1,(anonymous_7)
FNDA:0,(anonymous_8)
FNDA:3,handleEventsPost
FNDA:3,(anonymous_10)
FNDA:0,(anonymous_11)
FNDA:1,handleEventsGet
FNDA:1,(anonymous_13)
FNDA:0,(anonymous_14)
FNDA:2,validateID
FNDA:2,ValidateEvent
FNDA:2,(anonymous_17)
FNDA:0,(anonymous_18)
DA:2,3
DA:3,3
DA:4,3
DA:5,3
DA:7,3
DA:9,3
DA:10,3
DA:11,3
DA:12,3
DA:19,3
DA:22,0
DA:23,0
DA:25,0
DA:28,0
DA:33,1
DA:34,1
DA:36,1
DA:39,0
DA:44,1
DA:45,1
DA:46,1
DA:47,1
DA:48,1
DA:49,1
DA:50,1
DA:52,1
DA:55,0
DA:60,3
DA:61,3
DA:62,3
DA:63,3
DA:64,3
DA:65,3
DA:67,3
DA:73,0
DA:78,1
DA:80,1
DA:83,0
DA:88,2
DA:89,2
DA:90,2
DA:92,0
DA:99,2
DA:100,2
DA:102,2
DA:103,0
DA:108,2
DA:109,2
DA:113,0
DA:117,3
LF:50
LH:39
BRDA:89,0,0,2
BRDA:89,0,1,0
BRDA:102,1,0,0
BRDA:102,1,1,2
BRF:4
BRH:2
end_of_record
TN:
SF:F:\Software\Lambda\Projects\labs\hackton-backend\api\eventsCategories\eventCategoryModel.js
FN:12,findById
FN:16,update
FN:22,remove
FN:28,add
FN:34,find
FNF:5
FNH:5
FNDA:2,findById
FNDA:1,update
FNDA:1,remove
FNDA:6,add
FNDA:1,find
DA:2,3
DA:4,3
DA:13,2
DA:17,1
DA:23,1
DA:29,6
DA:35,1
LF:7
LH:7
BRF:0
BRH:0
end_of_record
TN:
SF:F:\Software\Lambda\Projects\labs\hackton-backend\api\eventsCategories\eventCategoryRouter.js
FN:26,handleCategoriesDelete
FN:29,(anonymous_1)
FN:34,(anonymous_2)
FN:39,handleCategoriesEdit
FN:45,(anonymous_4)
FN:50,(anonymous_5)
FN:55,handleCategoriesPost
FN:58,(anonymous_7)
FN:64,(anonymous_8)
FN:69,handleCategoriesGet
FN:71,(anonymous_10)
FN:74,(anonymous_11)
FN:79,validateID
FN:90,ValidateCategory
FN:93,(anonymous_14)
FN:104,(anonymous_15)
FNF:16
FNH:11
FNDA:1,handleCategoriesDelete
FNDA:1,(anonymous_1)
FNDA:0,(anonymous_2)
FNDA:1,handleCategoriesEdit
FNDA:1,(anonymous_4)
FNDA:0,(anonymous_5)
FNDA:6,handleCategoriesPost
FNDA:6,(anonymous_7)
FNDA:0,(anonymous_8)
FNDA:1,handleCategoriesGet
FNDA:1,(anonymous_10)
FNDA:0,(anonymous_11)
FNDA:2,validateID
FNDA:2,ValidateCategory
FNDA:2,(anonymous_14)
FNDA:0,(anonymous_15)
DA:3,3
DA:4,3
DA:5,3
DA:7,3
DA:9,3
DA:10,3
DA:11,3
DA:18,3
DA:27,1
DA:28,1
DA:30,1
DA:35,0
DA:40,1
DA:41,1
DA:44,1
DA:46,1
DA:51,0
DA:56,6
DA:57,6
DA:59,6
DA:65,0
DA:70,1
DA:72,1
DA:75,0
DA:80,2
DA:81,2
DA:82,2
DA:84,0
DA:91,2
DA:92,2
DA:94,2
DA:95,0
DA:100,2
DA:101,2
DA:105,0
DA:109,3
LF:36
LH:29
BRDA:81,0,0,2
BRDA:81,0,1,0
BRDA:94,1,0,0
BRDA:94,1,1,2
BRF:4
BRH:2
end_of_record
TN:
SF:F:\Software\Lambda\Projects\labs\hackton-backend\data\dbConfig.js
FNF:0
FNH:0
DA:1,3
DA:2,3
DA:4,3
DA:6,3
LF:4
LH:4
BRF:0
BRH:0
end_of_record
TN:
SF:F:\Software\Lambda\Projects\labs\hackton-backend\environment\index.js
FNF:0
FNH:0
DA:1,3
DA:2,3
LF:2
LH:2
BRDA:1,0,0,3
BRDA:1,0,1,0
BRF:2
BRH:1
end_of_record
TN:
SF:F:\Software\Lambda\Projects\labs\hackton-backend\utils\generateToken.js
FN:3,generateToken
FNF:1
FNH:1
FNDA:16,generateToken
DA:1,3
DA:4,16
DA:8,16
DA:11,16
DA:16,16
DA:19,3
LF:6
LH:6
BRDA:13,0,0,16
BRDA:13,0,1,0
BRF:2
BRH:1
end_of_record
TN:
SF:F:\Software\Lambda\Projects\labs\hackton-backend\utils\validator.js
FN:1,bodyValidator
FNF:1
FNH:1
FNDA:16,bodyValidator
DA:2,16
DA:3,16
DA:4,16
DA:6,0
DA:11,0
DA:17,3
LF:6
LH:4
BRDA:2,0,0,16
BRDA:2,0,1,0
BRDA:3,1,0,16
BRDA:3,1,1,0
BRDA:3,2,0,16
BRDA:3,2,1,16
BRF:6
BRH:4
end_of_record
